<?xml version="1.0" encoding="UTF-8"?>
<!-- Generated by org.testng.reporters.JUnitReportReporter -->
<testsuite skipped="0" hostname="DESKTOP-KQNL9CC" name="com.skillsgen.testcases.SkillsPageTest" tests="1" failures="0" timestamp="19 Feb 2020 18:06:28 GMT" time="40.918" errors="0">
  <testcase name="verifyEditSkillsTest" time="40.918" classname="com.skillsgen.testcases.SkillsPageTest"/>
</testsuite> <!-- com.skillsgen.testcases.SkillsPageTest -->
